<?xml version="1.0" encoding="UTF-8"?>
<!-- Generated by org.testng.reporters.JUnitReportReporter -->
<testsuite skipped="0" hostname="INLT1716" name="com.qa.claimspro.testcases.LoginTest" tests="1" failures="0" timestamp="30 Jan 2021 05:18:31 GMT" time="12.692" errors="0">
  <testcase name="close" time="12.692" classname="com.qa.claimspro.testcases.LoginTest"/>
</testsuite> <!-- com.qa.claimspro.testcases.LoginTest -->
